[2025-05-05 16:21:51] production.ERROR: Object of class Illuminate\Http\JsonResponse could not be converted to int {"exception":"[object] (ErrorException(code: 0): Object of class Illuminate\\Http\\JsonResponse could not be converted to int at /var/www/html/vendor/laravel/lumen-framework/src/Concerns/RegistersExceptionHandlers.php:30)
[stacktrace]
#0 /var/www/html/vendor/laravel/lumen-framework/src/Concerns/RegistersExceptionHandlers.php(47): Laravel\\Lumen\\Application->handleError(8, 'Object of class...', '/var/www/html/v...', 30)
#1 /var/www/html/vendor/laravel/lumen-framework/src/Concerns/RegistersExceptionHandlers.php(30): Laravel\\Lumen\\Application->Laravel\\Lumen\\Concerns\\{closure}(8, 'Object of class...', '/var/www/html/v...', 30)
#2 /var/www/html/vendor/laravel/lumen-framework/src/helpers.php(24): Laravel\\Lumen\\Application->abort(Object(Illuminate\\Http\\JsonResponse), '', Array)
#3 /var/www/html/App/Http/Controllers/ApiController.php(65): abort(Object(Illuminate\\Http\\JsonResponse))
#4 /var/www/html/App/Http/Controllers/ApiController.php(33): TwitchAnalytics\\Http\\Controllers\\ApiController->noAutentificado(Object(Laravel\\Lumen\\Http\\Request))
#5 /var/www/html/vendor/illuminate/container/BoundMethod.php(36): TwitchAnalytics\\Http\\Controllers\\ApiController->getEnriched(Object(Laravel\\Lumen\\Http\\Request))
#6 /var/www/html/vendor/illuminate/container/Util.php(41): Illuminate\\Container\\BoundMethod::Illuminate\\Container\\{closure}()
#7 /var/www/html/vendor/illuminate/container/BoundMethod.php(93): Illuminate\\Container\\Util::unwrapIfClosure(Object(Closure))
#8 /var/www/html/vendor/illuminate/container/BoundMethod.php(35): Illuminate\\Container\\BoundMethod::callBoundMethod(Object(Laravel\\Lumen\\Application), Array, Object(Closure))
#9 /var/www/html/vendor/illuminate/container/Container.php(662): Illuminate\\Container\\BoundMethod::call(Object(Laravel\\Lumen\\Application), Array, Array, NULL)
#10 /var/www/html/vendor/laravel/lumen-framework/src/Concerns/RoutesRequests.php(391): Illuminate\\Container\\Container->call(Array, Array)
#11 /var/www/html/vendor/laravel/lumen-framework/src/Concerns/RoutesRequests.php(333): Laravel\\Lumen\\Application->callControllerCallable(Array, Array)
#12 /var/www/html/vendor/laravel/lumen-framework/src/Concerns/RoutesRequests.php(284): Laravel\\Lumen\\Application->callControllerAction(Array)
#13 /var/www/html/vendor/laravel/lumen-framework/src/Concerns/RoutesRequests.php(269): Laravel\\Lumen\\Application->callActionOnArrayBasedRoute(Array)
#14 /var/www/html/vendor/laravel/lumen-framework/src/Concerns/RoutesRequests.php(171): Laravel\\Lumen\\Application->handleFoundRoute(Array)
#15 /var/www/html/vendor/laravel/lumen-framework/src/Concerns/RoutesRequests.php(431): Laravel\\Lumen\\Application->Laravel\\Lumen\\Concerns\\{closure}(Object(Laravel\\Lumen\\Http\\Request))
#16 /var/www/html/vendor/laravel/lumen-framework/src/Concerns/RoutesRequests.php(167): Laravel\\Lumen\\Application->sendThroughPipeline(Array, Object(Closure))
#17 /var/www/html/vendor/laravel/lumen-framework/src/Concerns/RoutesRequests.php(112): Laravel\\Lumen\\Application->dispatch(NULL)
#18 /var/www/html/public/index.php(17): Laravel\\Lumen\\Application->run()
#19 {main}
"} 
[2025-05-05 16:21:57] production.ERROR: Object of class Illuminate\Http\JsonResponse could not be converted to int {"exception":"[object] (ErrorException(code: 0): Object of class Illuminate\\Http\\JsonResponse could not be converted to int at /var/www/html/vendor/laravel/lumen-framework/src/Concerns/RegistersExceptionHandlers.php:30)
[stacktrace]
#0 /var/www/html/vendor/laravel/lumen-framework/src/Concerns/RegistersExceptionHandlers.php(47): Laravel\\Lumen\\Application->handleError(8, 'Object of class...', '/var/www/html/v...', 30)
#1 /var/www/html/vendor/laravel/lumen-framework/src/Concerns/RegistersExceptionHandlers.php(30): Laravel\\Lumen\\Application->Laravel\\Lumen\\Concerns\\{closure}(8, 'Object of class...', '/var/www/html/v...', 30)
#2 /var/www/html/vendor/laravel/lumen-framework/src/helpers.php(24): Laravel\\Lumen\\Application->abort(Object(Illuminate\\Http\\JsonResponse), '', Array)
#3 /var/www/html/App/Http/Controllers/ApiController.php(65): abort(Object(Illuminate\\Http\\JsonResponse))
#4 /var/www/html/App/Http/Controllers/ApiController.php(26): TwitchAnalytics\\Http\\Controllers\\ApiController->noAutentificado(Object(Laravel\\Lumen\\Http\\Request))
#5 /var/www/html/vendor/illuminate/container/BoundMethod.php(36): TwitchAnalytics\\Http\\Controllers\\ApiController->getStreams(Object(Laravel\\Lumen\\Http\\Request))
#6 /var/www/html/vendor/illuminate/container/Util.php(41): Illuminate\\Container\\BoundMethod::Illuminate\\Container\\{closure}()
#7 /var/www/html/vendor/illuminate/container/BoundMethod.php(93): Illuminate\\Container\\Util::unwrapIfClosure(Object(Closure))
#8 /var/www/html/vendor/illuminate/container/BoundMethod.php(35): Illuminate\\Container\\BoundMethod::callBoundMethod(Object(Laravel\\Lumen\\Application), Array, Object(Closure))
#9 /var/www/html/vendor/illuminate/container/Container.php(662): Illuminate\\Container\\BoundMethod::call(Object(Laravel\\Lumen\\Application), Array, Array, NULL)
#10 /var/www/html/vendor/laravel/lumen-framework/src/Concerns/RoutesRequests.php(391): Illuminate\\Container\\Container->call(Array, Array)
#11 /var/www/html/vendor/laravel/lumen-framework/src/Concerns/RoutesRequests.php(333): Laravel\\Lumen\\Application->callControllerCallable(Array, Array)
#12 /var/www/html/vendor/laravel/lumen-framework/src/Concerns/RoutesRequests.php(284): Laravel\\Lumen\\Application->callControllerAction(Array)
#13 /var/www/html/vendor/laravel/lumen-framework/src/Concerns/RoutesRequests.php(269): Laravel\\Lumen\\Application->callActionOnArrayBasedRoute(Array)
#14 /var/www/html/vendor/laravel/lumen-framework/src/Concerns/RoutesRequests.php(171): Laravel\\Lumen\\Application->handleFoundRoute(Array)
#15 /var/www/html/vendor/laravel/lumen-framework/src/Concerns/RoutesRequests.php(431): Laravel\\Lumen\\Application->Laravel\\Lumen\\Concerns\\{closure}(Object(Laravel\\Lumen\\Http\\Request))
#16 /var/www/html/vendor/laravel/lumen-framework/src/Concerns/RoutesRequests.php(167): Laravel\\Lumen\\Application->sendThroughPipeline(Array, Object(Closure))
#17 /var/www/html/vendor/laravel/lumen-framework/src/Concerns/RoutesRequests.php(112): Laravel\\Lumen\\Application->dispatch(NULL)
#18 /var/www/html/public/index.php(17): Laravel\\Lumen\\Application->run()
#19 {main}
"} 
[2025-05-05 16:22:01] production.ERROR: Object of class Illuminate\Http\JsonResponse could not be converted to int {"exception":"[object] (ErrorException(code: 0): Object of class Illuminate\\Http\\JsonResponse could not be converted to int at /var/www/html/vendor/laravel/lumen-framework/src/Concerns/RegistersExceptionHandlers.php:30)
[stacktrace]
#0 /var/www/html/vendor/laravel/lumen-framework/src/Concerns/RegistersExceptionHandlers.php(47): Laravel\\Lumen\\Application->handleError(8, 'Object of class...', '/var/www/html/v...', 30)
#1 /var/www/html/vendor/laravel/lumen-framework/src/Concerns/RegistersExceptionHandlers.php(30): Laravel\\Lumen\\Application->Laravel\\Lumen\\Concerns\\{closure}(8, 'Object of class...', '/var/www/html/v...', 30)
#2 /var/www/html/vendor/laravel/lumen-framework/src/helpers.php(24): Laravel\\Lumen\\Application->abort(Object(Illuminate\\Http\\JsonResponse), '', Array)
#3 /var/www/html/App/Http/Controllers/ApiController.php(65): abort(Object(Illuminate\\Http\\JsonResponse))
#4 /var/www/html/App/Http/Controllers/ApiController.php(41): TwitchAnalytics\\Http\\Controllers\\ApiController->noAutentificado(Object(Laravel\\Lumen\\Http\\Request))
#5 /var/www/html/vendor/illuminate/container/BoundMethod.php(36): TwitchAnalytics\\Http\\Controllers\\ApiController->getTopsOfTheTops(Object(Laravel\\Lumen\\Http\\Request))
#6 /var/www/html/vendor/illuminate/container/Util.php(41): Illuminate\\Container\\BoundMethod::Illuminate\\Container\\{closure}()
#7 /var/www/html/vendor/illuminate/container/BoundMethod.php(93): Illuminate\\Container\\Util::unwrapIfClosure(Object(Closure))
#8 /var/www/html/vendor/illuminate/container/BoundMethod.php(35): Illuminate\\Container\\BoundMethod::callBoundMethod(Object(Laravel\\Lumen\\Application), Array, Object(Closure))
#9 /var/www/html/vendor/illuminate/container/Container.php(662): Illuminate\\Container\\BoundMethod::call(Object(Laravel\\Lumen\\Application), Array, Array, NULL)
#10 /var/www/html/vendor/laravel/lumen-framework/src/Concerns/RoutesRequests.php(391): Illuminate\\Container\\Container->call(Array, Array)
#11 /var/www/html/vendor/laravel/lumen-framework/src/Concerns/RoutesRequests.php(333): Laravel\\Lumen\\Application->callControllerCallable(Array, Array)
#12 /var/www/html/vendor/laravel/lumen-framework/src/Concerns/RoutesRequests.php(284): Laravel\\Lumen\\Application->callControllerAction(Array)
#13 /var/www/html/vendor/laravel/lumen-framework/src/Concerns/RoutesRequests.php(269): Laravel\\Lumen\\Application->callActionOnArrayBasedRoute(Array)
#14 /var/www/html/vendor/laravel/lumen-framework/src/Concerns/RoutesRequests.php(171): Laravel\\Lumen\\Application->handleFoundRoute(Array)
#15 /var/www/html/vendor/laravel/lumen-framework/src/Concerns/RoutesRequests.php(431): Laravel\\Lumen\\Application->Laravel\\Lumen\\Concerns\\{closure}(Object(Laravel\\Lumen\\Http\\Request))
#16 /var/www/html/vendor/laravel/lumen-framework/src/Concerns/RoutesRequests.php(167): Laravel\\Lumen\\Application->sendThroughPipeline(Array, Object(Closure))
#17 /var/www/html/vendor/laravel/lumen-framework/src/Concerns/RoutesRequests.php(112): Laravel\\Lumen\\Application->dispatch(NULL)
#18 /var/www/html/public/index.php(17): Laravel\\Lumen\\Application->run()
#19 {main}
"} 
[2025-05-05 16:22:09] production.ERROR: Object of class Illuminate\Http\JsonResponse could not be converted to int {"exception":"[object] (ErrorException(code: 0): Object of class Illuminate\\Http\\JsonResponse could not be converted to int at /var/www/html/vendor/laravel/lumen-framework/src/Concerns/RegistersExceptionHandlers.php:30)
[stacktrace]
#0 /var/www/html/vendor/laravel/lumen-framework/src/Concerns/RegistersExceptionHandlers.php(47): Laravel\\Lumen\\Application->handleError(8, 'Object of class...', '/var/www/html/v...', 30)
#1 /var/www/html/vendor/laravel/lumen-framework/src/Concerns/RegistersExceptionHandlers.php(30): Laravel\\Lumen\\Application->Laravel\\Lumen\\Concerns\\{closure}(8, 'Object of class...', '/var/www/html/v...', 30)
#2 /var/www/html/vendor/laravel/lumen-framework/src/helpers.php(24): Laravel\\Lumen\\Application->abort(Object(Illuminate\\Http\\JsonResponse), '', Array)
#3 /var/www/html/App/Http/Controllers/ApiController.php(65): abort(Object(Illuminate\\Http\\JsonResponse))
#4 /var/www/html/App/Http/Controllers/ApiController.php(18): TwitchAnalytics\\Http\\Controllers\\ApiController->noAutentificado(Object(Laravel\\Lumen\\Http\\Request))
#5 /var/www/html/vendor/illuminate/container/BoundMethod.php(36): TwitchAnalytics\\Http\\Controllers\\ApiController->getUser(Object(Laravel\\Lumen\\Http\\Request))
#6 /var/www/html/vendor/illuminate/container/Util.php(41): Illuminate\\Container\\BoundMethod::Illuminate\\Container\\{closure}()
#7 /var/www/html/vendor/illuminate/container/BoundMethod.php(93): Illuminate\\Container\\Util::unwrapIfClosure(Object(Closure))
#8 /var/www/html/vendor/illuminate/container/BoundMethod.php(35): Illuminate\\Container\\BoundMethod::callBoundMethod(Object(Laravel\\Lumen\\Application), Array, Object(Closure))
#9 /var/www/html/vendor/illuminate/container/Container.php(662): Illuminate\\Container\\BoundMethod::call(Object(Laravel\\Lumen\\Application), Array, Array, NULL)
#10 /var/www/html/vendor/laravel/lumen-framework/src/Concerns/RoutesRequests.php(391): Illuminate\\Container\\Container->call(Array, Array)
#11 /var/www/html/vendor/laravel/lumen-framework/src/Concerns/RoutesRequests.php(333): Laravel\\Lumen\\Application->callControllerCallable(Array, Array)
#12 /var/www/html/vendor/laravel/lumen-framework/src/Concerns/RoutesRequests.php(284): Laravel\\Lumen\\Application->callControllerAction(Array)
#13 /var/www/html/vendor/laravel/lumen-framework/src/Concerns/RoutesRequests.php(269): Laravel\\Lumen\\Application->callActionOnArrayBasedRoute(Array)
#14 /var/www/html/vendor/laravel/lumen-framework/src/Concerns/RoutesRequests.php(171): Laravel\\Lumen\\Application->handleFoundRoute(Array)
#15 /var/www/html/vendor/laravel/lumen-framework/src/Concerns/RoutesRequests.php(431): Laravel\\Lumen\\Application->Laravel\\Lumen\\Concerns\\{closure}(Object(Laravel\\Lumen\\Http\\Request))
#16 /var/www/html/vendor/laravel/lumen-framework/src/Concerns/RoutesRequests.php(167): Laravel\\Lumen\\Application->sendThroughPipeline(Array, Object(Closure))
#17 /var/www/html/vendor/laravel/lumen-framework/src/Concerns/RoutesRequests.php(112): Laravel\\Lumen\\Application->dispatch(NULL)
#18 /var/www/html/public/index.php(17): Laravel\\Lumen\\Application->run()
#19 {main}
"} 
